[16:00:31] INFO BEProgMissionLogger | ##################################################
[16:00:32] INFO BEProgMissionLogger | Complete simulation starting ...
[16:00:32] INFO BEProgMissionLogger | CompleteMission [name=BE Supaero mission, startDate=2010-09-01T00:00:00.000, endDate=2010-09-08T00:00:00.000, satellite=Pleiades 1A]
[16:00:32] INFO BEProgMissionLogger | ============= Computing Access Plan =============
[16:00:32] INFO BEProgMissionLogger |  Site : PARIS
[16:00:32] INFO BEProgMissionLogger | PARIS has not been serialized, launching access computation...
[16:00:36] INFO BEProgMissionLogger | 
PARIS
[16:00:36] INFO BEProgMissionLogger | 	|____ Printing Timeline ____
[16:00:36] INFO BEProgMissionLogger | 	| Visibility and Illumination and Dazzling [ 2010-09-04T07:29:14.045 (UTC) ; 2010-09-04T07:30:51.899 (UTC) ]
[16:00:36] INFO BEProgMissionLogger | 	|___________________________
[16:00:36] INFO BEProgMissionLogger | accesses/PARIS_1686382619.ser has been serialized successfully !
[16:00:36] INFO BEProgMissionLogger |  Site : MARSEILLE
[16:00:36] INFO BEProgMissionLogger | MARSEILLE has not been serialized, launching access computation...
[16:00:39] INFO BEProgMissionLogger | 
MARSEILLE
[16:00:39] INFO BEProgMissionLogger | 	|____ Printing Timeline ____
[16:00:39] INFO BEProgMissionLogger | 	| Visibility and Illumination and Dazzling [ 2010-09-01T07:10:30.421 (UTC) ; 2010-09-01T07:12:20.155 (UTC) ]
[16:00:39] INFO BEProgMissionLogger | 	| Visibility and Illumination and Dazzling [ 2010-09-06T07:11:38.321 (UTC) ; 2010-09-06T07:12:20.268 (UTC) ]
[16:00:39] INFO BEProgMissionLogger | 	|___________________________
[16:00:39] INFO BEProgMissionLogger | accesses/MARSEILLE_1686382619.ser has been serialized successfully !
[16:00:39] INFO BEProgMissionLogger |  Site : LYON
[16:00:39] INFO BEProgMissionLogger | LYON has not been serialized, launching access computation...
[16:00:41] INFO BEProgMissionLogger | 
LYON
[16:00:41] INFO BEProgMissionLogger | 	|____ Printing Timeline ____
[16:00:41] INFO BEProgMissionLogger | 	| Visibility and Illumination and Dazzling [ 2010-09-01T07:10:01.510 (UTC) ; 2010-09-01T07:11:33.276 (UTC) ]
[16:00:41] INFO BEProgMissionLogger | 	| Visibility and Illumination and Dazzling [ 2010-09-06T07:10:52.394 (UTC) ; 2010-09-06T07:12:45.060 (UTC) ]
[16:00:41] INFO BEProgMissionLogger | 	|___________________________
[16:00:41] INFO BEProgMissionLogger | accesses/LYON_1686382619.ser has been serialized successfully !
[16:00:41] INFO BEProgMissionLogger |  Site : TOULOUSE
[16:00:41] INFO BEProgMissionLogger | TOULOUSE has not been serialized, launching access computation...
[16:00:43] INFO BEProgMissionLogger | 
TOULOUSE
[16:00:43] INFO BEProgMissionLogger | 	|____ Printing Timeline ____
[16:00:43] INFO BEProgMissionLogger | 	| Visibility and Illumination and Dazzling [ 2010-09-04T07:30:42.604 (UTC) ; 2010-09-04T07:32:32.801 (UTC) ]
[16:00:43] INFO BEProgMissionLogger | 	| Visibility and Illumination and Dazzling [ 2010-09-06T07:11:33.767 (UTC) ; 2010-09-06T07:13:31.545 (UTC) ]
[16:00:43] INFO BEProgMissionLogger | 	|___________________________
[16:00:43] INFO BEProgMissionLogger | accesses/TOULOUSE_1686382619.ser has been serialized successfully !
[16:00:43] INFO BEProgMissionLogger |  Site : NICE
[16:00:43] INFO BEProgMissionLogger | NICE has not been serialized, launching access computation...
[16:00:46] INFO BEProgMissionLogger | 
NICE
[16:00:46] INFO BEProgMissionLogger | 	|____ Printing Timeline ____
[16:00:46] INFO BEProgMissionLogger | 	| Visibility and Illumination and Dazzling [ 2010-09-01T07:10:14.216 (UTC) ; 2010-09-01T07:12:13.324 (UTC) ]
[16:00:46] INFO BEProgMissionLogger | 	| Visibility and Illumination and Dazzling [ 2010-09-03T06:51:20.343 (UTC) ; 2010-09-03T06:52:55.375 (UTC) ]
[16:00:46] INFO BEProgMissionLogger | 	|___________________________
[16:00:46] INFO BEProgMissionLogger | accesses/NICE_1686382619.ser has been serialized successfully !
[16:00:46] INFO BEProgMissionLogger | Access plan : {LYON=fr.cnes.sirius.patrius.events.postprocessing.Timeline@776a6d9b, TOULOUSE=fr.cnes.sirius.patrius.events.postprocessing.Timeline@21d03963, PARIS=fr.cnes.sirius.patrius.events.postprocessing.Timeline@1f760b47, MARSEILLE=fr.cnes.sirius.patrius.events.postprocessing.Timeline@18ece7f4, NICE=fr.cnes.sirius.patrius.events.postprocessing.Timeline@3cce57c7}
[16:00:46] INFO BEProgMissionLogger | ============= Computing Observation Plan =============
[16:00:46] INFO BEProgMissionLogger | Current target site : PARIS
[16:00:46] INFO BEProgMissionLogger | ] 2010-09-04T07:29:48.045 ; 2010-09-04T07:31:25.899 [
[16:00:46] INFO BEProgMissionLogger | Maximum possible duration of the slew : 23.889541344719426
[16:00:46] INFO BEProgMissionLogger | Actual duration of the slew : 97.85410938185676
[16:00:46] INFO BEProgMissionLogger | Current target site : MARSEILLE
[16:00:46] INFO BEProgMissionLogger | ] 2010-09-01T07:11:04.421 ; 2010-09-01T07:12:54.155 [
[16:00:46] INFO BEProgMissionLogger | Maximum possible duration of the slew : 25.49299238412517
[16:00:46] INFO BEProgMissionLogger | Actual duration of the slew : 109.7345615765216
[16:00:46] INFO BEProgMissionLogger | Current target site : LYON
[16:00:46] INFO BEProgMissionLogger | ] 2010-09-01T07:10:35.510 ; 2010-09-01T07:12:07.276 [
[16:00:46] INFO BEProgMissionLogger | Maximum possible duration of the slew : 22.109352922482707
[16:00:46] INFO BEProgMissionLogger | Actual duration of the slew : 91.76625041843585
[16:00:46] INFO BEProgMissionLogger | Current target site : TOULOUSE
[16:00:46] INFO BEProgMissionLogger | ] 2010-09-04T07:31:16.604 ; 2010-09-04T07:33:06.801 [
[16:00:46] INFO BEProgMissionLogger | Maximum possible duration of the slew : 25.66813170340182
[16:00:46] INFO BEProgMissionLogger | Actual duration of the slew : 110.19655241238738
[16:00:46] INFO BEProgMissionLogger | Current target site : NICE
[16:00:46] INFO BEProgMissionLogger | ] 2010-09-01T07:10:48.216 ; 2010-09-01T07:12:47.324 [
[16:00:46] INFO BEProgMissionLogger | Maximum possible duration of the slew : 27.955819789969887
[16:00:46] INFO BEProgMissionLogger | Actual duration of the slew : 119.10828628796187
[16:00:46] INFO BEProgMissionLogger | ] 2010-09-03T06:51:54.343 ; 2010-09-03T06:53:29.375 [
[16:00:46] INFO BEProgMissionLogger | Maximum possible duration of the slew : 22.689050502634025
[16:00:46] INFO BEProgMissionLogger | Actual duration of the slew : 95.03171995924603
[16:00:46] INFO BEProgMissionLogger | Observation plan : {LYON=fr.cnes.sirius.patrius.attitudes.AttitudeLawLeg@51bd8b5c, TOULOUSE=fr.cnes.sirius.patrius.attitudes.AttitudeLawLeg@7b50df34, PARIS=fr.cnes.sirius.patrius.attitudes.AttitudeLawLeg@1b410b60, MARSEILLE=fr.cnes.sirius.patrius.attitudes.AttitudeLawLeg@2462cb01, NICE=fr.cnes.sirius.patrius.attitudes.AttitudeLawLeg@19b843ba}
[16:00:46] INFO BEProgMissionLogger | ============= Computing Cinematic Plan =============
[16:00:46] INFO BEProgMissionLogger | Cinematic plan : Size : 19
1 : [ 2010-09-01T00:00:00.000 ; 2010-09-01T07:10:51.393 ] — Nadir_Law_1
2 : [ 2010-09-01T07:10:51.393 ; 2010-09-01T07:11:16.393 ] — Slew_Nadir_to_LYON
3 : [ 2010-09-01T07:11:16.393 ; 2010-09-01T07:11:26.393 ] — OBS_LYON
4 : [ 2010-09-01T07:11:26.393 ; 2010-09-01T07:11:54.288 ] — Slew_LYON_to_MARSEILLE
5 : [ 2010-09-01T07:11:54.288 ; 2010-09-01T07:12:04.288 ] — OBS_MARSEILLE
6 : [ 2010-09-01T07:12:04.288 ; 2010-09-01T07:12:19.288 ] — Slew_MARSEILLE_to_Nadir
7 : [ 2010-09-01T07:12:19.288 ; 2010-09-03T06:52:21.859 ] — Nadir_Law
8 : [ 2010-09-03T06:52:21.859 ; 2010-09-03T06:52:36.859 ] — Slew_Nadir_to_NICE
9 : [ 2010-09-03T06:52:36.859 ; 2010-09-03T06:52:46.859 ] — OBS_NICE
10 : [ 2010-09-03T06:52:46.859 ; 2010-09-03T06:53:01.859 ] — Slew_NICE_to_Nadir
11 : [ 2010-09-03T06:53:01.859 ; 2010-09-04T07:30:16.972 ] — Nadir_Law
12 : [ 2010-09-04T07:30:16.972 ; 2010-09-04T07:30:31.972 ] — Slew_Nadir_to_PARIS
13 : [ 2010-09-04T07:30:31.972 ; 2010-09-04T07:30:41.972 ] — OBS_PARIS
14 : [ 2010-09-04T07:30:41.972 ; 2010-09-04T07:30:56.972 ] — Slew_PARIS_to_Nadir
15 : [ 2010-09-04T07:30:56.972 ; 2010-09-04T07:31:51.703 ] — Nadir_Law
16 : [ 2010-09-04T07:31:51.703 ; 2010-09-04T07:32:06.703 ] — Slew_Nadir_to_TOULOUSE
17 : [ 2010-09-04T07:32:06.703 ; 2010-09-04T07:32:16.703 ] — OBS_TOULOUSE
18 : [ 2010-09-04T07:32:16.703 ; 2010-09-04T07:32:41.703 ] — Slew_TOULOUSE_to_Nadir
19 : [ 2010-09-04T07:32:41.703 ; 2010-09-08T00:00:00.000 ] — Nadir_Law_2

[16:00:46] INFO BEProgMissionLogger | Nadir_Law_1
[16:00:46] INFO BEProgMissionLogger | Cinematic is ok
[16:00:46] INFO BEProgMissionLogger | Slew_Nadir_to_LYON
[16:00:46] INFO BEProgMissionLogger | Cinematic is ok
[16:00:46] INFO BEProgMissionLogger | OBS_LYON
[16:00:46] INFO BEProgMissionLogger | Cinematic is ok
[16:00:46] INFO BEProgMissionLogger | Slew_LYON_to_MARSEILLE
[16:00:46] INFO BEProgMissionLogger | Cinematic is ok
[16:00:46] INFO BEProgMissionLogger | OBS_MARSEILLE
[16:00:46] INFO BEProgMissionLogger | Cinematic is ok
[16:00:46] INFO BEProgMissionLogger | Slew_MARSEILLE_to_Nadir
[16:00:46] INFO BEProgMissionLogger | Cinematic is ok
[16:00:46] INFO BEProgMissionLogger | Nadir_Law
[16:00:46] INFO BEProgMissionLogger | Cinematic is ok
[16:00:46] INFO BEProgMissionLogger | Slew_Nadir_to_NICE
[16:00:46] INFO BEProgMissionLogger | Cinematic is ok
[16:00:46] INFO BEProgMissionLogger | OBS_NICE
[16:00:46] INFO BEProgMissionLogger | Cinematic is ok
[16:00:46] INFO BEProgMissionLogger | Slew_NICE_to_Nadir
[16:00:46] INFO BEProgMissionLogger | Cinematic is ok
[16:00:46] INFO BEProgMissionLogger | Nadir_Law
[16:00:46] INFO BEProgMissionLogger | Cinematic is ok
[16:00:46] INFO BEProgMissionLogger | Slew_Nadir_to_PARIS
[16:00:46] INFO BEProgMissionLogger | Cinematic is ok
[16:00:46] INFO BEProgMissionLogger | OBS_PARIS
[16:00:46] INFO BEProgMissionLogger | Cinematic is ok
[16:00:46] INFO BEProgMissionLogger | Slew_PARIS_to_Nadir
[16:00:46] INFO BEProgMissionLogger | Cinematic is ok
[16:00:46] INFO BEProgMissionLogger | Nadir_Law
[16:00:46] INFO BEProgMissionLogger | Cinematic is ok
[16:00:46] INFO BEProgMissionLogger | Slew_Nadir_to_TOULOUSE
[16:00:46] INFO BEProgMissionLogger | Cinematic is ok
[16:00:46] INFO BEProgMissionLogger | OBS_TOULOUSE
[16:00:46] INFO BEProgMissionLogger | Cinematic is ok
[16:00:46] INFO BEProgMissionLogger | Slew_TOULOUSE_to_Nadir
[16:00:46] INFO BEProgMissionLogger | Cinematic is ok
[16:00:46] INFO BEProgMissionLogger | Nadir_Law_2
[16:00:46] INFO BEProgMissionLogger | Cinematic is ok
[16:00:46] INFO BEProgMissionLogger | ==== Is the cinematic plan valid ? => true ==== 
[16:00:46] INFO BEProgMissionLogger | Plan validity : true
[16:00:46] INFO BEProgMissionLogger | Number of cities visited : 5
[16:00:46] INFO BEProgMissionLogger | ==== Evaluation of the final score ====
[16:00:46] INFO BEProgMissionLogger | Site : LYON GeodeticPoint: name=LYON, latitude=0.7986434670908332, longitude=0.08449819587312826, altitude=237.0
[16:00:46] INFO BEProgMissionLogger | Incidence angle rad : 0.3993013867237682
[16:00:46] INFO BEProgMissionLogger | Incidence angle deg : 22.878284212993037
[16:00:46] INFO BEProgMissionLogger |  => Contribution of LYON : 474900.0*0.9213328220379604 = 437540.95718582737
[16:00:46] INFO BEProgMissionLogger | Site : TOULOUSE GeodeticPoint: name=TOULOUSE, latitude=0.7609635538695277, longitude=0.025016327767610324, altitude=189.0
[16:00:46] INFO BEProgMissionLogger | Incidence angle rad : 0.2444692090589715
[16:00:46] INFO BEProgMissionLogger | Incidence angle deg : 14.007053899980457
[16:00:46] INFO BEProgMissionLogger |  => Contribution of TOULOUSE : 439600.0*0.970265935003709 = 426528.90502763045
[16:00:46] INFO BEProgMissionLogger | Site : PARIS GeodeticPoint: name=PARIS, latitude=0.8527678725244294, longitude=0.04091837164838106, altitude=0.0
[16:00:46] INFO BEProgMissionLogger | Incidence angle rad : 0.14771324019630477
[16:00:46] INFO BEProgMissionLogger | Incidence angle deg : 8.463345241450448
[16:00:46] INFO BEProgMissionLogger |  => Contribution of PARIS : 2211000.0*0.9891102214781515 = 2186922.699688193
[16:00:46] INFO BEProgMissionLogger | Site : MARSEILLE GeodeticPoint: name=MARSEILLE, latitude=0.7556699702482289, longitude=0.09383570737129793, altitude=320.0
[16:00:46] INFO BEProgMissionLogger | Incidence angle rad : 0.2529474704273313
[16:00:46] INFO BEProgMissionLogger | Incidence angle deg : 14.492822493996284
[16:00:46] INFO BEProgMissionLogger |  => Contribution of MARSEILLE : 851400.0*0.9681789981630192 = 824307.5990359946
[16:00:46] INFO BEProgMissionLogger | Site : NICE GeodeticPoint: name=NICE, latitude=0.7627088831215221, longitude=0.1265363707695889, altitude=260.0
[16:00:46] INFO BEProgMissionLogger | Incidence angle rad : 0.3795636878938896
[16:00:46] INFO BEProgMissionLogger | Incidence angle deg : 21.747397372740693
[16:00:46] INFO BEProgMissionLogger |  => Contribution of NICE : 344900.0*0.9288263842684533 = 320352.2199341896
[16:00:46] INFO BEProgMissionLogger | Final score :4195652.380871835
[16:00:46] INFO BEProgMissionLogger | Duration of the score computation : 0.018000000000000002
[16:00:46] INFO BEProgMissionLogger | Total duration : 15.215
[16:00:46] INFO BEProgMissionLogger | 

Writing VTS outputs, please wait...
[16:00:46] INFO BEProgMissionLogger | VTS POI file created : ..\Vts-WindowsNT-32bits-3.5.1\Data\BESupaero\Data\BE_Supaero_Target_Sites_POI.txt
[16:00:47] INFO BEProgMissionLogger | VTS OEM file created : ..\Vts-WindowsNT-32bits-3.5.1\Data\BESupaero\Data\BE_Supaero_Satellite_Trajectory_OEM.txt
[16:01:13] INFO BEProgMissionLogger | VTS AEM file created : ..\Vts-WindowsNT-32bits-3.5.1\Data\BESupaero\Data\BE_Supaero_Nadir_Pointing_AEM.txt
[16:01:47] INFO BEProgMissionLogger | VTS AEM file created : ..\Vts-WindowsNT-32bits-3.5.1\Data\BESupaero\Data\BE_Supaero_Cinematic_Plan_AEM.txt
[16:01:47] INFO BEProgMissionLogger | VTS MEM file created : ..\Vts-WindowsNT-32bits-3.5.1\Data\BESupaero\Data\BE_Supaero_Cinematic_Plan_Events_MEM.txt
[16:01:47] INFO BEProgMissionLogger | VTS outputs written
[16:01:47] INFO BEProgMissionLogger | 

Simulation done
[16:01:47] INFO BEProgMissionLogger | ##################################################
