[00:56:24] INFO BEProgMissionLogger | ##################################################
[00:56:27] INFO BEProgMissionLogger | Complete simulation starting ...
[00:56:27] INFO BEProgMissionLogger | CompleteMission [name=BE Supaero mission, startDate=2010-09-01T00:00:00.000, endDate=2010-09-08T00:00:00.000, satellite=Pleiades 1A]
[00:56:27] INFO BEProgMissionLogger | ============= Computing Access Plan =============
[00:56:27] INFO BEProgMissionLogger |  Site : PARIS
[00:56:27] INFO BEProgMissionLogger | 	|____ Printing Timeline ____
[00:56:28] INFO BEProgMissionLogger | 	| Visibility and Illumination and Dazzling [ 2010-09-01T07:08:32.585 (UTC) ; 2010-09-01T07:11:32.657 (UTC) ]
[00:56:28] INFO BEProgMissionLogger | 	| Visibility and Illumination and Dazzling [ 2010-09-02T07:47:31.717 (UTC) ; 2010-09-02T07:50:11.001 (UTC) ]
[00:56:28] INFO BEProgMissionLogger | 	| Visibility and Illumination and Dazzling [ 2010-09-04T07:28:20.770 (UTC) ; 2010-09-04T07:29:19.424 (UTC) ]
[00:56:28] INFO BEProgMissionLogger | 	| Visibility and Illumination and Dazzling [ 2010-09-04T07:32:09.093 (UTC) ; 2010-09-04T07:32:09.094 (UTC) ]
[00:56:28] INFO BEProgMissionLogger | 	| Visibility and Illumination and Dazzling [ 2010-09-06T07:10:45.933 (UTC) ; 2010-09-06T07:11:23.868 (UTC) ]
[00:56:28] INFO BEProgMissionLogger | 	|___________________________
[00:56:28] INFO BEProgMissionLogger | accesses/PARIS_562931739.serhas been loaded successfully!
[00:56:28] INFO BEProgMissionLogger |  Site : MARSEILLE
[00:56:28] INFO BEProgMissionLogger | 	|____ Printing Timeline ____
[00:56:28] INFO BEProgMissionLogger | 	| Visibility and Illumination and Dazzling [ 2010-09-01T07:09:30.719 (UTC) ; 2010-09-01T07:13:19.825 (UTC) ]
[00:56:28] INFO BEProgMissionLogger | 	| Visibility and Illumination and Dazzling [ 2010-09-03T06:50:36.176 (UTC) ; 2010-09-03T06:54:01.292 (UTC) ]
[00:56:28] INFO BEProgMissionLogger | 	| Visibility and Illumination and Dazzling [ 2010-09-05T06:34:08.140 (UTC) ; 2010-09-05T06:34:26.356 (UTC) ]
[00:56:28] INFO BEProgMissionLogger | 	| Visibility and Illumination and Dazzling [ 2010-09-06T07:10:34.619 (UTC) ; 2010-09-06T07:12:20.268 (UTC) ]
[00:56:28] INFO BEProgMissionLogger | 	|___________________________
[00:56:28] INFO BEProgMissionLogger | accesses/MARSEILLE_562931739.serhas been loaded successfully!
[00:56:28] INFO BEProgMissionLogger |  Site : LYON
[00:56:28] INFO BEProgMissionLogger | 	|____ Printing Timeline ____
[00:56:28] INFO BEProgMissionLogger | 	| Visibility and Illumination and Dazzling [ 2010-09-01T07:08:56.731 (UTC) ; 2010-09-01T07:12:38.017 (UTC) ]
[00:56:28] INFO BEProgMissionLogger | 	| Visibility and Illumination and Dazzling [ 2010-09-03T06:50:06.173 (UTC) ; 2010-09-03T06:53:14.169 (UTC) ]
[00:56:28] INFO BEProgMissionLogger | 	| Visibility and Illumination and Dazzling [ 2010-09-06T07:09:53.627 (UTC) ; 2010-09-06T07:13:43.811 (UTC) ]
[00:56:28] INFO BEProgMissionLogger | 	|___________________________
[00:56:28] INFO BEProgMissionLogger | accesses/LYON_562931739.serhas been loaded successfully!
[00:56:28] INFO BEProgMissionLogger |  Site : TOULOUSE
[00:56:28] INFO BEProgMissionLogger | 	|____ Printing Timeline ____
[00:56:28] INFO BEProgMissionLogger | 	| Visibility and Illumination and Dazzling [ 2010-09-01T07:09:55.871 (UTC) ; 2010-09-01T07:13:03.558 (UTC) ]
[00:56:28] INFO BEProgMissionLogger | 	| Visibility and Illumination and Dazzling [ 2010-09-03T06:51:26.596 (UTC) ; 2010-09-03T06:53:16.707 (UTC) ]
[00:56:28] INFO BEProgMissionLogger | 	| Visibility and Illumination and Dazzling [ 2010-09-04T07:29:43.211 (UTC) ; 2010-09-04T07:33:32.179 (UTC) ]
[00:56:28] INFO BEProgMissionLogger | 	| Visibility and Illumination and Dazzling [ 2010-09-06T07:10:36.155 (UTC) ; 2010-09-06T07:14:29.131 (UTC) ]
[00:56:28] INFO BEProgMissionLogger | 	|___________________________
[00:56:28] INFO BEProgMissionLogger | accesses/TOULOUSE_562931739.serhas been loaded successfully!
[00:56:28] INFO BEProgMissionLogger |  Site : NICE
[00:56:28] INFO BEProgMissionLogger | 	|____ Printing Timeline ____
[00:56:28] INFO BEProgMissionLogger | 	| Visibility and Illumination and Dazzling [ 2010-09-01T07:09:16.969 (UTC) ; 2010-09-01T07:13:10.545 (UTC) ]
[00:56:28] INFO BEProgMissionLogger | 	| Visibility and Illumination and Dazzling [ 2010-09-03T06:50:16.539 (UTC) ; 2010-09-03T06:53:59.141 (UTC) ]
[00:56:28] INFO BEProgMissionLogger | 	| Visibility and Illumination and Dazzling [ 2010-09-05T06:31:26.222 (UTC) ; 2010-09-05T06:34:35.508 (UTC) ]
[00:56:28] INFO BEProgMissionLogger | 	|___________________________
[00:56:28] INFO BEProgMissionLogger | accesses/NICE_562931739.serhas been loaded successfully!
[00:56:28] INFO BEProgMissionLogger | Access plan : {PARIS=fr.cnes.sirius.patrius.events.postprocessing.Timeline@5745ca0e, NICE=fr.cnes.sirius.patrius.events.postprocessing.Timeline@3ad83a66, TOULOUSE=fr.cnes.sirius.patrius.events.postprocessing.Timeline@3cce5371, LYON=fr.cnes.sirius.patrius.events.postprocessing.Timeline@17bffc17, MARSEILLE=fr.cnes.sirius.patrius.events.postprocessing.Timeline@6e535154}
