[11:03:50] INFO BEProgMissionLogger | ##################################################
[11:03:53] INFO BEProgMissionLogger | Complete simulation starting ...
[11:03:53] INFO BEProgMissionLogger | CompleteMission [name=BE Supaero mission, startDate=2010-09-01T00:00:00.000, endDate=2010-09-08T00:00:00.000, satellite=Pleiades 1A]
[11:03:53] INFO BEProgMissionLogger | ============= Computing Access Plan =============
[11:03:53] INFO BEProgMissionLogger |  Site : PARIS
[11:03:53] INFO BEProgMissionLogger | 	|____ Printing Timeline ____
[11:03:53] INFO BEProgMissionLogger | 	| Visibility and Illumination and Dazzling [ 2010-09-01T07:08:32.585 (UTC) ; 2010-09-01T07:11:32.657 (UTC) ]
[11:03:53] INFO BEProgMissionLogger | 	| Visibility and Illumination and Dazzling [ 2010-09-02T07:47:31.717 (UTC) ; 2010-09-02T07:50:11.001 (UTC) ]
[11:03:53] INFO BEProgMissionLogger | 	| Visibility and Illumination and Dazzling [ 2010-09-04T07:28:20.770 (UTC) ; 2010-09-04T07:29:19.424 (UTC) ]
[11:03:53] INFO BEProgMissionLogger | 	| Visibility and Illumination and Dazzling [ 2010-09-04T07:32:09.093 (UTC) ; 2010-09-04T07:32:09.094 (UTC) ]
[11:03:53] INFO BEProgMissionLogger | 	| Visibility and Illumination and Dazzling [ 2010-09-06T07:10:45.933 (UTC) ; 2010-09-06T07:11:23.868 (UTC) ]
[11:03:53] INFO BEProgMissionLogger | 	|___________________________
[11:03:53] INFO BEProgMissionLogger | accesses/PARIS_562931739.serhas been loaded successfully!
[11:03:53] INFO BEProgMissionLogger |  Site : MARSEILLE
[11:03:53] INFO BEProgMissionLogger | 	|____ Printing Timeline ____
[11:03:53] INFO BEProgMissionLogger | 	| Visibility and Illumination and Dazzling [ 2010-09-01T07:09:30.719 (UTC) ; 2010-09-01T07:13:19.825 (UTC) ]
[11:03:53] INFO BEProgMissionLogger | 	| Visibility and Illumination and Dazzling [ 2010-09-03T06:50:36.176 (UTC) ; 2010-09-03T06:54:01.292 (UTC) ]
[11:03:53] INFO BEProgMissionLogger | 	| Visibility and Illumination and Dazzling [ 2010-09-05T06:34:08.140 (UTC) ; 2010-09-05T06:34:26.356 (UTC) ]
[11:03:53] INFO BEProgMissionLogger | 	| Visibility and Illumination and Dazzling [ 2010-09-06T07:10:34.619 (UTC) ; 2010-09-06T07:12:20.268 (UTC) ]
[11:03:53] INFO BEProgMissionLogger | 	|___________________________
[11:03:53] INFO BEProgMissionLogger | accesses/MARSEILLE_562931739.serhas been loaded successfully!
[11:03:53] INFO BEProgMissionLogger |  Site : LYON
[11:03:53] INFO BEProgMissionLogger | 	|____ Printing Timeline ____
[11:03:53] INFO BEProgMissionLogger | 	| Visibility and Illumination and Dazzling [ 2010-09-01T07:08:56.731 (UTC) ; 2010-09-01T07:12:38.017 (UTC) ]
[11:03:53] INFO BEProgMissionLogger | 	| Visibility and Illumination and Dazzling [ 2010-09-03T06:50:06.173 (UTC) ; 2010-09-03T06:53:14.169 (UTC) ]
[11:03:53] INFO BEProgMissionLogger | 	| Visibility and Illumination and Dazzling [ 2010-09-06T07:09:53.627 (UTC) ; 2010-09-06T07:13:43.811 (UTC) ]
[11:03:53] INFO BEProgMissionLogger | 	|___________________________
[11:03:53] INFO BEProgMissionLogger | accesses/LYON_562931739.serhas been loaded successfully!
[11:03:53] INFO BEProgMissionLogger | Access plan : {MARSEILLE=fr.cnes.sirius.patrius.events.postprocessing.Timeline@26abb146, LYON=fr.cnes.sirius.patrius.events.postprocessing.Timeline@72c8e7b, PARIS=fr.cnes.sirius.patrius.events.postprocessing.Timeline@65f8f5ae}
[11:03:53] INFO BEProgMissionLogger | ============= Computing Observation Plan =============
[11:03:53] INFO BEProgMissionLogger | Current target site : MARSEILLE
[11:03:53] INFO BEProgMissionLogger | ] 2010-09-01T07:10:04.719 ; 2010-09-01T07:13:53.825 [
[11:03:53] INFO BEProgMissionLogger | Maximum possible duration of the slew : 43.79389417033106
[11:03:53] INFO BEProgMissionLogger | Actual duration of the slew : 229.10668321764456
[11:03:53] INFO BEProgMissionLogger | Current target site : LYON
[11:03:53] INFO BEProgMissionLogger | ] 2010-09-01T07:09:30.731 ; 2010-09-01T07:13:12.017 [
[11:03:53] INFO BEProgMissionLogger | Maximum possible duration of the slew : 41.7268402031981
[11:03:53] INFO BEProgMissionLogger | Actual duration of the slew : 221.28688397057238
[11:03:53] INFO BEProgMissionLogger | ] 2010-09-03T06:50:40.173 ; 2010-09-03T06:53:48.169 [
[11:03:53] INFO BEProgMissionLogger | Maximum possible duration of the slew : 33.93329815121503
[11:03:53] INFO BEProgMissionLogger | Actual duration of the slew : 187.99594195847638
[11:03:53] INFO BEProgMissionLogger | Current target site : PARIS
[11:03:53] INFO BEProgMissionLogger | ] 2010-09-01T07:09:06.585 ; 2010-09-01T07:12:06.657 [
[11:03:53] INFO BEProgMissionLogger | Maximum possible duration of the slew : 32.2399740723378
[11:03:53] INFO BEProgMissionLogger | Actual duration of the slew : 180.07244136116077
[11:03:53] INFO BEProgMissionLogger | Observation plan : {MARSEILLE=fr.cnes.sirius.patrius.attitudes.AttitudeLawLeg@7e990ed7, LYON=fr.cnes.sirius.patrius.attitudes.AttitudeLawLeg@c05fddc, PARIS=fr.cnes.sirius.patrius.attitudes.AttitudeLawLeg@25df00a0}
[11:03:53] INFO BEProgMissionLogger | ============= Computing Cinematic Plan =============
