[00:33:47] INFO BEProgMissionLogger | ##################################################
[00:33:50] INFO BEProgMissionLogger | Complete simulation starting ...
[00:33:50] INFO BEProgMissionLogger | CompleteMission [name=BE Supaero mission, startDate=2010-09-01T00:00:00.000, endDate=2010-09-08T00:00:00.000, satellite=Pleiades 1A]
[00:33:50] INFO BEProgMissionLogger | ============= Computing Access Plan =============
[00:33:50] INFO BEProgMissionLogger |  Site : PARIS
[00:33:50] INFO BEProgMissionLogger | 	|____ Printing Timeline ____
[00:33:50] INFO BEProgMissionLogger | 	| Visibility and Illumination and Dazzling [ 2010-09-01T07:08:32.585 (UTC) ; 2010-09-01T07:11:32.657 (UTC) ]
[00:33:50] INFO BEProgMissionLogger | 	| Visibility and Illumination and Dazzling [ 2010-09-02T07:47:31.717 (UTC) ; 2010-09-02T07:50:11.001 (UTC) ]
[00:33:50] INFO BEProgMissionLogger | 	| Visibility and Illumination and Dazzling [ 2010-09-04T07:28:20.770 (UTC) ; 2010-09-04T07:29:19.424 (UTC) ]
[00:33:50] INFO BEProgMissionLogger | 	| Visibility and Illumination and Dazzling [ 2010-09-04T07:32:09.093 (UTC) ; 2010-09-04T07:32:09.094 (UTC) ]
[00:33:50] INFO BEProgMissionLogger | 	| Visibility and Illumination and Dazzling [ 2010-09-06T07:10:45.933 (UTC) ; 2010-09-06T07:11:23.868 (UTC) ]
[00:33:50] INFO BEProgMissionLogger | 	|___________________________
[00:33:50] INFO BEProgMissionLogger | accesses/PARIS_562931739.serhas been loaded successfully!
[00:33:50] INFO BEProgMissionLogger |  Site : MARSEILLE
[00:33:50] INFO BEProgMissionLogger | 	|____ Printing Timeline ____
[00:33:50] INFO BEProgMissionLogger | 	| Visibility and Illumination and Dazzling [ 2010-09-01T07:09:30.719 (UTC) ; 2010-09-01T07:13:19.825 (UTC) ]
[00:33:50] INFO BEProgMissionLogger | 	| Visibility and Illumination and Dazzling [ 2010-09-03T06:50:36.176 (UTC) ; 2010-09-03T06:54:01.292 (UTC) ]
[00:33:50] INFO BEProgMissionLogger | 	| Visibility and Illumination and Dazzling [ 2010-09-05T06:34:08.140 (UTC) ; 2010-09-05T06:34:26.356 (UTC) ]
[00:33:50] INFO BEProgMissionLogger | 	| Visibility and Illumination and Dazzling [ 2010-09-06T07:10:34.619 (UTC) ; 2010-09-06T07:12:20.268 (UTC) ]
[00:33:50] INFO BEProgMissionLogger | 	|___________________________
[00:33:50] INFO BEProgMissionLogger | accesses/MARSEILLE_562931739.serhas been loaded successfully!
[00:33:50] INFO BEProgMissionLogger | Access plan : {PARIS=fr.cnes.sirius.patrius.events.postprocessing.Timeline@5f8e8a9d, MARSEILLE=fr.cnes.sirius.patrius.events.postprocessing.Timeline@5745ca0e}
[00:33:50] INFO BEProgMissionLogger | ============= Computing Observation Plan =============
[00:33:50] INFO BEProgMissionLogger | Current target site : PARIS
[00:33:50] INFO BEProgMissionLogger | ] 2010-09-01T07:09:06.585 ; 2010-09-01T07:12:06.657 [
[00:33:50] INFO BEProgMissionLogger | Current target site : MARSEILLE
[00:33:50] INFO BEProgMissionLogger | ] 2010-09-01T07:10:04.719 ; 2010-09-01T07:13:53.825 [
[00:33:50] INFO BEProgMissionLogger | Observation plan : {PARIS=fr.cnes.sirius.patrius.attitudes.AttitudeLawLeg@15888343, MARSEILLE=fr.cnes.sirius.patrius.attitudes.AttitudeLawLeg@33ecda92}
[00:33:50] INFO BEProgMissionLogger | ============= Computing Cinematic Plan =============
[00:33:50] INFO BEProgMissionLogger | Cinematic plan : Size : 9
1 : [ 2010-09-01T00:00:00.000 ; 2010-09-01T07:08:22.418 ] — Nadir_Law_1
2 : [ 2010-09-01T07:08:22.418 ; 2010-09-01T07:09:01.585 ] — Slew_Nadir_to_PARIS
3 : [ 2010-09-01T07:09:01.585 ; 2010-09-01T07:09:11.585 ] — OBS_PARIS
4 : [ 2010-09-01T07:09:11.585 ; 2010-09-01T07:09:35.085 ] — Slew_PARIS_to_Nadir
5 : [ 2010-09-01T07:09:35.085 ; 2010-09-01T07:09:36.219 ] — Nadir_Law
6 : [ 2010-09-01T07:09:36.219 ; 2010-09-01T07:09:59.719 ] — Slew_Nadir_to_MARSEILLE
7 : [ 2010-09-01T07:09:59.719 ; 2010-09-01T07:10:09.719 ] — OBS_MARSEILLE
8 : [ 2010-09-01T07:10:09.719 ; 2010-09-01T07:10:48.885 ] — Slew_MARSEILLE_to_Nadir
9 : [ 2010-09-01T07:10:48.885 ; 2010-09-08T00:00:00.000 ] — Nadir_Law_2

[00:33:50] INFO BEProgMissionLogger | Nadir_Law_1
[00:33:50] INFO BEProgMissionLogger | Cinematic is ok
[00:33:50] INFO BEProgMissionLogger | Slew_Nadir_to_PARIS
[00:33:50] INFO BEProgMissionLogger | Cinematic is ok
[00:33:50] INFO BEProgMissionLogger | OBS_PARIS
[00:33:50] INFO BEProgMissionLogger | Cinematic is ok
[00:33:50] INFO BEProgMissionLogger | Slew_PARIS_to_Nadir
[00:33:50] INFO BEProgMissionLogger | Cinematic is ok
[00:33:50] INFO BEProgMissionLogger | Nadir_Law
[00:33:50] INFO BEProgMissionLogger | Cinematic is ok
[00:33:50] INFO BEProgMissionLogger | Slew_Nadir_to_MARSEILLE
[00:33:50] INFO BEProgMissionLogger | Cinematic is ok
[00:33:50] INFO BEProgMissionLogger | OBS_MARSEILLE
[00:33:50] INFO BEProgMissionLogger | Cinematic is ok
[00:33:50] INFO BEProgMissionLogger | Slew_MARSEILLE_to_Nadir
[00:33:50] INFO BEProgMissionLogger | Cinematic is ok
[00:33:50] INFO BEProgMissionLogger | Nadir_Law_2
[00:33:51] INFO BEProgMissionLogger | Cinematic is ok
[00:33:51] INFO BEProgMissionLogger | ==== Is the cinematic plan valid ? => true ==== 
[00:33:51] INFO BEProgMissionLogger | Plan validity : true
[00:33:51] INFO BEProgMissionLogger | Number of cities visited : 2
[00:33:51] INFO BEProgMissionLogger | ==== Evaluation of the final score ====
[00:33:51] INFO BEProgMissionLogger | Site : PARIS GeodeticPoint: name=PARIS, latitude=0.8527678725244294, longitude=0.04091837164838106, altitude=0.0
[00:33:51] INFO BEProgMissionLogger | Incidence angle rad : 0.945740826355635
[00:33:51] INFO BEProgMissionLogger | Incidence angle deg : 54.186957863392735
[00:33:51] INFO BEProgMissionLogger |  => Contribution of PARIS : 2211000.0*0.5851422808486594 = 1293749.5829563858
[00:33:51] INFO BEProgMissionLogger | Site : MARSEILLE GeodeticPoint: name=MARSEILLE, latitude=0.7556699702482289, longitude=0.09383570737129793, altitude=320.0
[00:33:51] INFO BEProgMissionLogger | Incidence angle rad : 0.9456718808199654
[00:33:51] INFO BEProgMissionLogger | Incidence angle deg : 54.1830075751826
[00:33:51] INFO BEProgMissionLogger |  => Contribution of MARSEILLE : 851400.0*0.5851981895055993 = 498237.73854506726
[00:33:51] INFO BEProgMissionLogger | Final score :1791987.321501453
[00:33:51] INFO BEProgMissionLogger | Duration of the score computation : 0.024
[00:33:51] INFO BEProgMissionLogger | Total duration : 3.75
[00:33:51] INFO BEProgMissionLogger | 

Writing VTS outputs, please wait...
[00:33:51] INFO BEProgMissionLogger | VTS POI file created : ..\Vts-WindowsNT-32bits-3.5.1\Data\BESupaero\Data\BE_Supaero_Target_Sites_POI.txt
[00:33:52] INFO BEProgMissionLogger | VTS OEM file created : ..\Vts-WindowsNT-32bits-3.5.1\Data\BESupaero\Data\BE_Supaero_Satellite_Trajectory_OEM.txt
[00:35:11] INFO BEProgMissionLogger | VTS AEM file created : ..\Vts-WindowsNT-32bits-3.5.1\Data\BESupaero\Data\BE_Supaero_Nadir_Pointing_AEM.txt
[00:36:25] INFO BEProgMissionLogger | VTS AEM file created : ..\Vts-WindowsNT-32bits-3.5.1\Data\BESupaero\Data\BE_Supaero_Cinematic_Plan_AEM.txt
[00:36:25] INFO BEProgMissionLogger | VTS MEM file created : ..\Vts-WindowsNT-32bits-3.5.1\Data\BESupaero\Data\BE_Supaero_Cinematic_Plan_Events_MEM.txt
[00:36:25] INFO BEProgMissionLogger | VTS outputs written
[00:36:25] INFO BEProgMissionLogger | 

Simulation done
[00:36:25] INFO BEProgMissionLogger | ##################################################
