[18:27:24] INFO BEProgMissionLogger | ##################################################
[18:27:26] INFO BEProgMissionLogger | Complete simulation starting ...
[18:27:26] INFO BEProgMissionLogger | CompleteMission [name=BE Supaero mission, startDate=2010-09-01T00:00:00.000, endDate=2010-09-08T00:00:00.000, satellite=Pleiades 1A]
[18:27:26] INFO BEProgMissionLogger | ============= Computing Access Plan =============
[18:27:26] INFO BEProgMissionLogger |  Site : PARIS
[18:27:26] INFO BEProgMissionLogger | 	|____ Printing Timeline ____
[18:27:26] INFO BEProgMissionLogger | 	| Visibility and Illumination and Dazzling [ 2010-09-01T07:08:32.585 (UTC) ; 2010-09-01T07:11:32.657 (UTC) ]
[18:27:26] INFO BEProgMissionLogger | 	| Visibility and Illumination and Dazzling [ 2010-09-02T07:47:31.717 (UTC) ; 2010-09-02T07:50:11.001 (UTC) ]
[18:27:26] INFO BEProgMissionLogger | 	| Visibility and Illumination and Dazzling [ 2010-09-04T07:28:20.770 (UTC) ; 2010-09-04T07:29:19.424 (UTC) ]
[18:27:26] INFO BEProgMissionLogger | 	| Visibility and Illumination and Dazzling [ 2010-09-04T07:32:09.093 (UTC) ; 2010-09-04T07:32:09.094 (UTC) ]
[18:27:26] INFO BEProgMissionLogger | 	| Visibility and Illumination and Dazzling [ 2010-09-06T07:10:45.933 (UTC) ; 2010-09-06T07:11:23.868 (UTC) ]
[18:27:26] INFO BEProgMissionLogger | 	|___________________________
[18:27:26] INFO BEProgMissionLogger | accesses/PARIS_562931739.serhas been loaded successfully!
[18:27:26] INFO BEProgMissionLogger |  Site : MARSEILLE
[18:27:26] INFO BEProgMissionLogger | 	|____ Printing Timeline ____
[18:27:26] INFO BEProgMissionLogger | 	| Visibility and Illumination and Dazzling [ 2010-09-01T07:09:30.719 (UTC) ; 2010-09-01T07:13:19.825 (UTC) ]
[18:27:26] INFO BEProgMissionLogger | 	| Visibility and Illumination and Dazzling [ 2010-09-03T06:50:36.176 (UTC) ; 2010-09-03T06:54:01.292 (UTC) ]
[18:27:26] INFO BEProgMissionLogger | 	| Visibility and Illumination and Dazzling [ 2010-09-05T06:34:08.140 (UTC) ; 2010-09-05T06:34:26.356 (UTC) ]
[18:27:26] INFO BEProgMissionLogger | 	| Visibility and Illumination and Dazzling [ 2010-09-06T07:10:34.619 (UTC) ; 2010-09-06T07:12:20.268 (UTC) ]
[18:27:26] INFO BEProgMissionLogger | 	|___________________________
[18:27:26] INFO BEProgMissionLogger | accesses/MARSEILLE_562931739.serhas been loaded successfully!
[18:27:26] INFO BEProgMissionLogger |  Site : LYON
[18:27:26] INFO BEProgMissionLogger | 	|____ Printing Timeline ____
[18:27:26] INFO BEProgMissionLogger | 	| Visibility and Illumination and Dazzling [ 2010-09-01T07:08:56.731 (UTC) ; 2010-09-01T07:12:38.017 (UTC) ]
[18:27:26] INFO BEProgMissionLogger | 	| Visibility and Illumination and Dazzling [ 2010-09-03T06:50:06.173 (UTC) ; 2010-09-03T06:53:14.169 (UTC) ]
[18:27:26] INFO BEProgMissionLogger | 	| Visibility and Illumination and Dazzling [ 2010-09-06T07:09:53.627 (UTC) ; 2010-09-06T07:13:43.811 (UTC) ]
[18:27:26] INFO BEProgMissionLogger | 	|___________________________
[18:27:26] INFO BEProgMissionLogger | accesses/LYON_562931739.serhas been loaded successfully!
[18:27:26] INFO BEProgMissionLogger |  Site : TOULOUSE
[18:27:26] INFO BEProgMissionLogger | 	|____ Printing Timeline ____
[18:27:26] INFO BEProgMissionLogger | 	| Visibility and Illumination and Dazzling [ 2010-09-01T07:09:55.871 (UTC) ; 2010-09-01T07:13:03.558 (UTC) ]
[18:27:26] INFO BEProgMissionLogger | 	| Visibility and Illumination and Dazzling [ 2010-09-03T06:51:26.596 (UTC) ; 2010-09-03T06:53:16.707 (UTC) ]
[18:27:26] INFO BEProgMissionLogger | 	| Visibility and Illumination and Dazzling [ 2010-09-04T07:29:43.211 (UTC) ; 2010-09-04T07:33:32.179 (UTC) ]
[18:27:26] INFO BEProgMissionLogger | 	| Visibility and Illumination and Dazzling [ 2010-09-06T07:10:36.155 (UTC) ; 2010-09-06T07:14:29.131 (UTC) ]
[18:27:26] INFO BEProgMissionLogger | 	|___________________________
[18:27:26] INFO BEProgMissionLogger | accesses/TOULOUSE_562931739.serhas been loaded successfully!
[18:27:26] INFO BEProgMissionLogger |  Site : NICE
[18:27:26] INFO BEProgMissionLogger | 	|____ Printing Timeline ____
[18:27:26] INFO BEProgMissionLogger | 	| Visibility and Illumination and Dazzling [ 2010-09-01T07:09:16.969 (UTC) ; 2010-09-01T07:13:10.545 (UTC) ]
[18:27:26] INFO BEProgMissionLogger | 	| Visibility and Illumination and Dazzling [ 2010-09-03T06:50:16.539 (UTC) ; 2010-09-03T06:53:59.141 (UTC) ]
[18:27:26] INFO BEProgMissionLogger | 	| Visibility and Illumination and Dazzling [ 2010-09-05T06:31:26.222 (UTC) ; 2010-09-05T06:34:35.508 (UTC) ]
[18:27:26] INFO BEProgMissionLogger | 	|___________________________
[18:27:26] INFO BEProgMissionLogger | accesses/NICE_562931739.serhas been loaded successfully!
[18:27:26] INFO BEProgMissionLogger |  Site : NANTES
[18:27:26] INFO BEProgMissionLogger | 	|____ Printing Timeline ____
[18:27:26] INFO BEProgMissionLogger | 	| Visibility and Illumination and Dazzling [ 2010-09-02T07:47:58.237 (UTC) ; 2010-09-02T07:51:51.665 (UTC) ]
[18:27:26] INFO BEProgMissionLogger | 	| Visibility and Illumination and Dazzling [ 2010-09-04T07:28:54.784 (UTC) ; 2010-09-04T07:32:43.533 (UTC) ]
[18:27:26] INFO BEProgMissionLogger | 	| Visibility and Illumination and Dazzling [ 2010-09-06T07:09:59.140 (UTC) ; 2010-09-06T07:13:25.476 (UTC) ]
[18:27:26] INFO BEProgMissionLogger | 	|___________________________
[18:27:26] INFO BEProgMissionLogger | accesses/NANTES_562931739.serhas been loaded successfully!
[18:27:26] INFO BEProgMissionLogger |  Site : STRASBOURG
[18:27:26] INFO BEProgMissionLogger | 	|____ Printing Timeline ____
[18:27:26] INFO BEProgMissionLogger | 	| Visibility and Illumination and Dazzling [ 2010-09-01T07:07:59.523 (UTC) ; 2010-09-01T07:11:50.931 (UTC) ]
[18:27:26] INFO BEProgMissionLogger | 	| Visibility and Illumination and Dazzling [ 2010-09-03T06:49:01.289 (UTC) ; 2010-09-03T06:52:35.820 (UTC) ]
[18:27:26] INFO BEProgMissionLogger | 	| Visibility and Illumination and Dazzling [ 2010-09-05T06:30:12.642 (UTC) ; 2010-09-05T06:33:09.007 (UTC) ]
[18:27:26] INFO BEProgMissionLogger | 	|___________________________
[18:27:26] INFO BEProgMissionLogger | accesses/STRASBOURG_562931739.serhas been loaded successfully!
[18:27:26] INFO BEProgMissionLogger |  Site : MONTPELLIER
[18:27:26] INFO BEProgMissionLogger | 	|____ Printing Timeline ____
[18:27:26] INFO BEProgMissionLogger | 	| Visibility and Illumination and Dazzling [ 2010-09-01T07:09:34.814 (UTC) ; 2010-09-01T07:13:13.578 (UTC) ]
[18:27:26] INFO BEProgMissionLogger | 	| Visibility and Illumination and Dazzling [ 2010-09-03T06:50:46.807 (UTC) ; 2010-09-03T06:53:47.287 (UTC) ]
[18:27:26] INFO BEProgMissionLogger | 	| Visibility and Illumination and Dazzling [ 2010-09-06T07:10:30.113 (UTC) ; 2010-09-06T07:14:20.784 (UTC) ]
[18:27:26] INFO BEProgMissionLogger | 	|___________________________
[18:27:26] INFO BEProgMissionLogger | accesses/MONTPELLIER_562931739.serhas been loaded successfully!
[18:27:26] INFO BEProgMissionLogger |  Site : BORDEAUX
[18:27:26] INFO BEProgMissionLogger | 	|____ Printing Timeline ____
[18:27:26] INFO BEProgMissionLogger | 	| Visibility and Illumination and Dazzling [ 2010-09-01T07:10:07.010 (UTC) ; 2010-09-01T07:12:20.030 (UTC) ]
[18:27:26] INFO BEProgMissionLogger | 	| Visibility and Illumination and Dazzling [ 2010-09-02T07:48:35.619 (UTC) ; 2010-09-02T07:52:22.869 (UTC) ]
[18:27:26] INFO BEProgMissionLogger | 	| Visibility and Illumination and Dazzling [ 2010-09-04T07:29:27.477 (UTC) ; 2010-09-04T07:33:21.078 (UTC) ]
[18:27:26] INFO BEProgMissionLogger | 	| Visibility and Illumination and Dazzling [ 2010-09-06T07:10:27.125 (UTC) ; 2010-09-06T07:14:09.377 (UTC) ]
[18:27:26] INFO BEProgMissionLogger | 	|___________________________
[18:27:26] INFO BEProgMissionLogger | accesses/BORDEAUX_562931739.serhas been loaded successfully!
[18:27:26] INFO BEProgMissionLogger |  Site : LILLE
[18:27:26] INFO BEProgMissionLogger | 	|____ Printing Timeline ____
[18:27:26] INFO BEProgMissionLogger | 	| Visibility and Illumination and Dazzling [ 2010-09-01T07:08:00.511 (UTC) ; 2010-09-01T07:11:04.942 (UTC) ]
[18:27:26] INFO BEProgMissionLogger | 	| Visibility and Illumination and Dazzling [ 2010-09-02T07:46:56.981 (UTC) ; 2010-09-02T07:50:38.425 (UTC) ]
[18:27:26] INFO BEProgMissionLogger | 	| Visibility and Illumination and Dazzling [ 2010-09-03T06:49:25.393 (UTC) ; 2010-09-03T06:51:22.422 (UTC) ]
[18:27:26] INFO BEProgMissionLogger | 	| Visibility and Illumination and Dazzling [ 2010-09-04T07:27:46.391 (UTC) ; 2010-09-04T07:31:39.410 (UTC) ]
[18:27:26] INFO BEProgMissionLogger | 	| Visibility and Illumination and Dazzling [ 2010-09-06T07:08:41.672 (UTC) ; 2010-09-06T07:12:32.452 (UTC) ]
[18:27:26] INFO BEProgMissionLogger | 	|___________________________
[18:27:26] INFO BEProgMissionLogger | accesses/LILLE_562931739.serhas been loaded successfully!
[18:27:26] INFO BEProgMissionLogger |  Site : RENNES
[18:27:26] INFO BEProgMissionLogger | 	|____ Printing Timeline ____
[18:27:26] INFO BEProgMissionLogger | 	| Visibility and Illumination and Dazzling [ 2010-09-02T07:47:44.846 (UTC) ; 2010-09-02T07:51:38.606 (UTC) ]
[18:27:26] INFO BEProgMissionLogger | 	| Visibility and Illumination and Dazzling [ 2010-09-04T07:28:42.403 (UTC) ; 2010-09-04T07:32:29.021 (UTC) ]
[18:27:26] INFO BEProgMissionLogger | 	| Visibility and Illumination and Dazzling [ 2010-09-06T07:09:47.786 (UTC) ; 2010-09-06T07:13:09.497 (UTC) ]
[18:27:26] INFO BEProgMissionLogger | 	|___________________________
[18:27:26] INFO BEProgMissionLogger | accesses/RENNES_562931739.serhas been loaded successfully!
[18:27:26] INFO BEProgMissionLogger |  Site : REIMS
[18:27:26] INFO BEProgMissionLogger | 	|____ Printing Timeline ____
[18:27:26] INFO BEProgMissionLogger | 	| Visibility and Illumination and Dazzling [ 2010-09-01T07:08:11.535 (UTC) ; 2010-09-01T07:11:34.838 (UTC) ]
[18:27:26] INFO BEProgMissionLogger | 	| Visibility and Illumination and Dazzling [ 2010-09-03T06:49:27.762 (UTC) ; 2010-09-03T06:52:02.239 (UTC) ]
[18:27:26] INFO BEProgMissionLogger | 	| Visibility and Illumination and Dazzling [ 2010-09-04T07:28:07.506 (UTC) ; 2010-09-04T07:31:55.585 (UTC) ]
[18:27:26] INFO BEProgMissionLogger | 	| Visibility and Illumination and Dazzling [ 2010-09-06T07:08:59.519 (UTC) ; 2010-09-06T07:12:53.184 (UTC) ]
[18:27:26] INFO BEProgMissionLogger | 	|___________________________
[18:27:26] INFO BEProgMissionLogger | accesses/REIMS_562931739.serhas been loaded successfully!
[18:27:26] INFO BEProgMissionLogger |  Site : LE HAVRE
[18:27:26] INFO BEProgMissionLogger | 	|____ Printing Timeline ____
[18:27:26] INFO BEProgMissionLogger | 	| Visibility and Illumination and Dazzling [ 2010-09-01T07:08:54.721 (UTC) ; 2010-09-01T07:10:57.455 (UTC) ]
[18:27:26] INFO BEProgMissionLogger | 	| Visibility and Illumination and Dazzling [ 2010-09-02T07:47:18.251 (UTC) ; 2010-09-02T07:51:10.393 (UTC) ]
[18:27:26] INFO BEProgMissionLogger | 	| Visibility and Illumination and Dazzling [ 2010-09-04T07:28:12.781 (UTC) ; 2010-09-04T07:32:04.597 (UTC) ]
[18:27:26] INFO BEProgMissionLogger | 	| Visibility and Illumination and Dazzling [ 2010-09-06T07:09:13.914 (UTC) ; 2010-09-06T07:12:50.105 (UTC) ]
[18:27:26] INFO BEProgMissionLogger | 	|___________________________
[18:27:26] INFO BEProgMissionLogger | accesses/LE HAVRE_562931739.serhas been loaded successfully!
[18:27:26] INFO BEProgMissionLogger |  Site : SAINT-ETIENNE
[18:27:26] INFO BEProgMissionLogger | 	|____ Printing Timeline ____
[18:27:26] INFO BEProgMissionLogger | 	| Visibility and Illumination and Dazzling [ 2010-09-01T07:09:04.475 (UTC) ; 2010-09-01T07:12:42.782 (UTC) ]
[18:27:26] INFO BEProgMissionLogger | 	| Visibility and Illumination and Dazzling [ 2010-09-03T06:50:15.602 (UTC) ; 2010-09-03T06:53:17.044 (UTC) ]
[18:27:26] INFO BEProgMissionLogger | 	| Visibility and Illumination and Dazzling [ 2010-09-06T07:09:59.637 (UTC) ; 2010-09-06T07:13:50.686 (UTC) ]
[18:27:26] INFO BEProgMissionLogger | 	|___________________________
[18:27:26] INFO BEProgMissionLogger | accesses/SAINT-ETIENNE_562931739.serhas been loaded successfully!
[18:27:26] INFO BEProgMissionLogger |  Site : TOULON
[18:27:26] INFO BEProgMissionLogger | 	|____ Printing Timeline ____
[18:27:26] INFO BEProgMissionLogger | 	| Visibility and Illumination and Dazzling [ 2010-09-01T07:09:30.898 (UTC) ; 2010-09-01T07:13:22.390 (UTC) ]
[18:27:26] INFO BEProgMissionLogger | 	| Visibility and Illumination and Dazzling [ 2010-09-03T06:50:34.235 (UTC) ; 2010-09-03T06:54:06.458 (UTC) ]
[18:27:26] INFO BEProgMissionLogger | 	| Visibility and Illumination and Dazzling [ 2010-09-05T06:31:50.108 (UTC) ; 2010-09-05T06:34:35.877 (UTC) ]
[18:27:26] INFO BEProgMissionLogger | 	|___________________________
[18:27:26] INFO BEProgMissionLogger | accesses/TOULON_562931739.serhas been loaded successfully!
[18:27:26] INFO BEProgMissionLogger |  Site : GRENOBLE
[18:27:26] INFO BEProgMissionLogger | 	|____ Printing Timeline ____
[18:27:26] INFO BEProgMissionLogger | 	| Visibility and Illumination and Dazzling [ 2010-09-01T07:09:00.713 (UTC) ; 2010-09-01T07:12:48.591 (UTC) ]
[18:27:26] INFO BEProgMissionLogger | 	| Visibility and Illumination and Dazzling [ 2010-09-03T06:50:06.364 (UTC) ; 2010-09-03T06:53:29.413 (UTC) ]
[18:27:26] INFO BEProgMissionLogger | 	| Visibility and Illumination and Dazzling [ 2010-09-05T06:33:42.562 (UTC) ; 2010-09-05T06:33:54.281 (UTC) ]
[18:27:26] INFO BEProgMissionLogger | 	| Visibility and Illumination and Dazzling [ 2010-09-06T07:10:02.948 (UTC) ; 2010-09-06T07:12:54.344 (UTC) ]
[18:27:26] INFO BEProgMissionLogger | 	|___________________________
[18:27:26] INFO BEProgMissionLogger | accesses/GRENOBLE_562931739.serhas been loaded successfully!
[18:27:26] INFO BEProgMissionLogger |  Site : DIJON
[18:27:26] INFO BEProgMissionLogger | 	|____ Printing Timeline ____
[18:27:26] INFO BEProgMissionLogger | 	| Visibility and Illumination and Dazzling [ 2010-09-01T07:08:32.632 (UTC) ; 2010-09-01T07:12:11.491 (UTC) ]
[18:27:26] INFO BEProgMissionLogger | 	| Visibility and Illumination and Dazzling [ 2010-09-03T06:49:42.543 (UTC) ; 2010-09-03T06:52:46.701 (UTC) ]
[18:27:26] INFO BEProgMissionLogger | 	| Visibility and Illumination and Dazzling [ 2010-09-06T07:09:28.003 (UTC) ; 2010-09-06T07:13:19.688 (UTC) ]
[18:27:26] INFO BEProgMissionLogger | 	|___________________________
[18:27:26] INFO BEProgMissionLogger | accesses/DIJON_562931739.serhas been loaded successfully!
[18:27:26] INFO BEProgMissionLogger |  Site : ANGERS
[18:27:26] INFO BEProgMissionLogger | 	|____ Printing Timeline ____
[18:27:26] INFO BEProgMissionLogger | 	| Visibility and Illumination and Dazzling [ 2010-09-01T07:09:33.674 (UTC) ; 2010-09-01T07:11:27.197 (UTC) ]
[18:27:26] INFO BEProgMissionLogger | 	| Visibility and Illumination and Dazzling [ 2010-09-02T07:47:52.288 (UTC) ; 2010-09-02T07:51:43.898 (UTC) ]
[18:27:26] INFO BEProgMissionLogger | 	| Visibility and Illumination and Dazzling [ 2010-09-04T07:28:46.618 (UTC) ; 2010-09-04T07:32:38.625 (UTC) ]
[18:27:26] INFO BEProgMissionLogger | 	| Visibility and Illumination and Dazzling [ 2010-09-06T07:09:48.178 (UTC) ; 2010-09-06T07:13:24.010 (UTC) ]
[18:27:26] INFO BEProgMissionLogger | 	|___________________________
[18:27:26] INFO BEProgMissionLogger | accesses/ANGERS_562931739.serhas been loaded successfully!
[18:27:26] INFO BEProgMissionLogger |  Site : LE MANS
[18:27:26] INFO BEProgMissionLogger | 	|____ Printing Timeline ____
[18:27:26] INFO BEProgMissionLogger | 	| Visibility and Illumination and Dazzling [ 2010-09-01T07:09:12.721 (UTC) ; 2010-09-01T07:11:28.305 (UTC) ]
[18:27:26] INFO BEProgMissionLogger | 	| Visibility and Illumination and Dazzling [ 2010-09-02T07:47:42.583 (UTC) ; 2010-09-02T07:51:32.421 (UTC) ]
[18:27:26] INFO BEProgMissionLogger | 	| Visibility and Illumination and Dazzling [ 2010-09-04T07:28:35.630 (UTC) ; 2010-09-04T07:32:28.771 (UTC) ]
[18:27:26] INFO BEProgMissionLogger | 	| Visibility and Illumination and Dazzling [ 2010-09-06T07:09:35.548 (UTC) ; 2010-09-06T07:13:16.144 (UTC) ]
[18:27:26] INFO BEProgMissionLogger | 	|___________________________
[18:27:26] INFO BEProgMissionLogger | accesses/LE MANS_562931739.serhas been loaded successfully!
[18:27:26] INFO BEProgMissionLogger |  Site : AIX-EN-PROVENCE
[18:27:26] INFO BEProgMissionLogger | 	|____ Printing Timeline ____
[18:27:26] INFO BEProgMissionLogger | 	| Visibility and Illumination and Dazzling [ 2010-09-01T07:09:26.838 (UTC) ; 2010-09-01T07:13:15.883 (UTC) ]
[18:27:26] INFO BEProgMissionLogger | 	| Visibility and Illumination and Dazzling [ 2010-09-03T06:50:32.269 (UTC) ; 2010-09-03T06:53:57.331 (UTC) ]
[18:27:26] INFO BEProgMissionLogger | 	| Visibility and Illumination and Dazzling [ 2010-09-05T06:34:01.071 (UTC) ; 2010-09-05T06:34:22.485 (UTC) ]
[18:27:26] INFO BEProgMissionLogger | 	| Visibility and Illumination and Dazzling [ 2010-09-06T07:10:30.598 (UTC) ; 2010-09-06T07:12:22.290 (UTC) ]
[18:27:26] INFO BEProgMissionLogger | 	|___________________________
[18:27:26] INFO BEProgMissionLogger | accesses/AIX-EN-PROVENCE_562931739.serhas been loaded successfully!
[18:27:26] INFO BEProgMissionLogger | Access plan : {RENNES=fr.cnes.sirius.patrius.events.postprocessing.Timeline@1c742ed4, REIMS=fr.cnes.sirius.patrius.events.postprocessing.Timeline@333d4a8c, STRASBOURG=fr.cnes.sirius.patrius.events.postprocessing.Timeline@55de24cc, LILLE=fr.cnes.sirius.patrius.events.postprocessing.Timeline@dc7df28, TOULON=fr.cnes.sirius.patrius.events.postprocessing.Timeline@30f842ca, PARIS=fr.cnes.sirius.patrius.events.postprocessing.Timeline@69c81773, DIJON=fr.cnes.sirius.patrius.events.postprocessing.Timeline@4d14b6c2, MARSEILLE=fr.cnes.sirius.patrius.events.postprocessing.Timeline@7e990ed7, NICE=fr.cnes.sirius.patrius.events.postprocessing.Timeline@c05fddc, ANGERS=fr.cnes.sirius.patrius.events.postprocessing.Timeline@25df00a0, NANTES=fr.cnes.sirius.patrius.events.postprocessing.Timeline@4d15107f, LE HAVRE=fr.cnes.sirius.patrius.events.postprocessing.Timeline@7b4c50bc, SAINT-ETIENNE=fr.cnes.sirius.patrius.events.postprocessing.Timeline@5884a914, LE MANS=fr.cnes.sirius.patrius.events.postprocessing.Timeline@50378a4, BORDEAUX=fr.cnes.sirius.patrius.events.postprocessing.Timeline@60f00693, TOULOUSE=fr.cnes.sirius.patrius.events.postprocessing.Timeline@79207381, LYON=fr.cnes.sirius.patrius.events.postprocessing.Timeline@491b9b8, AIX-EN-PROVENCE=fr.cnes.sirius.patrius.events.postprocessing.Timeline@1a4927d6, MONTPELLIER=fr.cnes.sirius.patrius.events.postprocessing.Timeline@7a6d7e92, GRENOBLE=fr.cnes.sirius.patrius.events.postprocessing.Timeline@aba625}
[18:27:26] INFO BEProgMissionLogger | ============= Computing Observation Plan =============
[18:27:26] INFO BEProgMissionLogger | Current target site : RENNES
[18:27:26] INFO BEProgMissionLogger | ] 2010-09-02T07:48:18.846 ; 2010-09-02T07:52:12.606 [
[18:27:26] INFO BEProgMissionLogger | Maximum possible duration of the slew : 45.08313121131765
[18:27:26] INFO BEProgMissionLogger | Actual duration of the slew : 233.75971712440608
[18:27:26] INFO BEProgMissionLogger | Current target site : REIMS
[18:27:26] INFO BEProgMissionLogger | ] 2010-09-01T07:08:45.535 ; 2010-09-01T07:12:08.838 [
[18:27:26] INFO BEProgMissionLogger | Maximum possible duration of the slew : 37.34369436486239
[18:27:26] INFO BEProgMissionLogger | Actual duration of the slew : 203.30257617484025
[18:27:26] INFO BEProgMissionLogger | Current target site : STRASBOURG
[18:27:26] INFO BEProgMissionLogger | ] 2010-09-01T07:08:33.523 ; 2010-09-01T07:12:24.931 [
[18:27:26] INFO BEProgMissionLogger | Maximum possible duration of the slew : 44.397204008825895
[18:27:26] INFO BEProgMissionLogger | Actual duration of the slew : 231.40765705269249
[18:27:26] INFO BEProgMissionLogger | ] 2010-09-03T06:49:35.289 ; 2010-09-03T06:53:09.820 [
[18:27:26] INFO BEProgMissionLogger | Maximum possible duration of the slew : 40.021158866651206
[18:27:26] INFO BEProgMissionLogger | Actual duration of the slew : 214.53049772170812
[18:27:26] INFO BEProgMissionLogger | Current target site : LILLE
[18:27:26] INFO BEProgMissionLogger | ] 2010-09-01T07:08:34.511 ; 2010-09-01T07:11:38.942 [
[18:27:26] INFO BEProgMissionLogger | Maximum possible duration of the slew : 33.138096432148615
[18:27:26] INFO BEProgMissionLogger | Actual duration of the slew : 184.43068170246067
[18:27:26] INFO BEProgMissionLogger | ] 2010-09-02T07:47:30.981 ; 2010-09-02T07:51:12.425 [
[18:27:26] INFO BEProgMissionLogger | Maximum possible duration of the slew : 41.950159990824574
[18:27:26] INFO BEProgMissionLogger | Actual duration of the slew : 221.44477282989197
[18:27:26] INFO BEProgMissionLogger | Current target site : TOULON
[18:27:26] INFO BEProgMissionLogger | ] 2010-09-01T07:10:04.898 ; 2010-09-01T07:13:56.390 [
[18:27:26] INFO BEProgMissionLogger | Maximum possible duration of the slew : 44.447187057189915
[18:27:26] INFO BEProgMissionLogger | Actual duration of the slew : 231.4913312781461
[18:27:26] INFO BEProgMissionLogger | Current target site : PARIS
[18:27:26] INFO BEProgMissionLogger | ] 2010-09-01T07:09:06.585 ; 2010-09-01T07:12:06.657 [
[18:27:26] INFO BEProgMissionLogger | Maximum possible duration of the slew : 32.2399740723378
[18:27:26] INFO BEProgMissionLogger | Actual duration of the slew : 180.07244136116077
[18:27:26] INFO BEProgMissionLogger | ] 2010-09-02T07:48:05.717 ; 2010-09-02T07:50:45.001 [
[18:27:26] INFO BEProgMissionLogger | Maximum possible duration of the slew : 32.34281355527444
[18:27:26] INFO BEProgMissionLogger | Actual duration of the slew : 159.2838322405397
[18:27:26] INFO BEProgMissionLogger | ] 2010-09-04T07:28:54.770 ; 2010-09-04T07:29:53.424 [
[18:27:26] INFO BEProgMissionLogger | Maximum possible duration of the slew : 13.64000404327276
[18:27:26] INFO BEProgMissionLogger | Actual duration of the slew : 58.654447196814445
[18:27:26] INFO BEProgMissionLogger | Current target site : DIJON
[18:27:26] INFO BEProgMissionLogger | ] 2010-09-01T07:09:06.632 ; 2010-09-01T07:12:45.491 [
[18:27:26] INFO BEProgMissionLogger | Maximum possible duration of the slew : 41.110222928591305
[18:27:26] INFO BEProgMissionLogger | Actual duration of the slew : 218.85883980829732
[18:27:26] INFO BEProgMissionLogger | ] 2010-09-03T06:50:16.543 ; 2010-09-03T06:53:20.701 [
[18:27:26] INFO BEProgMissionLogger | Maximum possible duration of the slew : 33.10298573709896
[18:27:26] INFO BEProgMissionLogger | Actual duration of the slew : 184.1582333183298
[18:27:26] INFO BEProgMissionLogger | ] 2010-09-06T07:10:02.003 ; 2010-09-06T07:13:53.688 [
[18:27:26] INFO BEProgMissionLogger | Maximum possible duration of the slew : 44.58132727857817
[18:27:26] INFO BEProgMissionLogger | Actual duration of the slew : 231.68511267023612
[18:27:26] INFO BEProgMissionLogger | Current target site : MARSEILLE
[18:27:26] INFO BEProgMissionLogger | ] 2010-09-01T07:10:04.719 ; 2010-09-01T07:13:53.825 [
[18:27:26] INFO BEProgMissionLogger | Maximum possible duration of the slew : 43.79389417033106
[18:27:26] INFO BEProgMissionLogger | Actual duration of the slew : 229.10668321764456
[18:27:26] INFO BEProgMissionLogger | ] 2010-09-03T06:51:10.176 ; 2010-09-03T06:54:35.292 [
[18:27:26] INFO BEProgMissionLogger | Maximum possible duration of the slew : 37.7985150234269
[18:27:26] INFO BEProgMissionLogger | Actual duration of the slew : 205.11546584946058
[18:27:26] INFO BEProgMissionLogger | Current target site : NICE
[18:27:26] INFO BEProgMissionLogger | ] 2010-09-01T07:09:50.969 ; 2010-09-01T07:13:44.545 [
[18:27:26] INFO BEProgMissionLogger | Maximum possible duration of the slew : 45.043725082346555
[18:27:26] INFO BEProgMissionLogger | Actual duration of the slew : 233.57584936974098
[18:27:26] INFO BEProgMissionLogger | ] 2010-09-03T06:50:50.539 ; 2010-09-03T06:54:33.141 [
[18:27:26] INFO BEProgMissionLogger | Maximum possible duration of the slew : 42.07298437648143
[18:27:26] INFO BEProgMissionLogger | Actual duration of the slew : 222.60201812546686
[18:27:26] INFO BEProgMissionLogger | ] 2010-09-05T06:32:00.222 ; 2010-09-05T06:35:09.508 [
[18:27:26] INFO BEProgMissionLogger | Maximum possible duration of the slew : 34.22309177926917
[18:27:26] INFO BEProgMissionLogger | Actual duration of the slew : 189.2863759561371
[18:27:26] INFO BEProgMissionLogger | Current target site : ANGERS
[18:27:26] INFO BEProgMissionLogger | ] 2010-09-01T07:10:07.674 ; 2010-09-01T07:12:01.197 [
[18:27:26] INFO BEProgMissionLogger | Maximum possible duration of the slew : 20.93806200008379
[18:27:26] INFO BEProgMissionLogger | Actual duration of the slew : 113.52370841016341
[18:27:26] INFO BEProgMissionLogger | ] 2010-09-02T07:48:26.288 ; 2010-09-02T07:52:17.898 [
[18:27:26] INFO BEProgMissionLogger | Maximum possible duration of the slew : 44.54550087250513
[18:27:26] INFO BEProgMissionLogger | Actual duration of the slew : 231.61016970360197
[18:27:26] INFO BEProgMissionLogger | ] 2010-09-04T07:29:20.618 ; 2010-09-04T07:33:12.625 [
[18:27:26] INFO BEProgMissionLogger | Maximum possible duration of the slew : 44.56147369806632
[18:27:26] INFO BEProgMissionLogger | Actual duration of the slew : 232.00781353671994
[18:27:26] INFO BEProgMissionLogger | Current target site : NANTES
[18:27:26] INFO BEProgMissionLogger | ] 2010-09-02T07:48:32.237 ; 2010-09-02T07:52:25.665 [
[18:27:26] INFO BEProgMissionLogger | Maximum possible duration of the slew : 45.008696461494424
[18:27:26] INFO BEProgMissionLogger | Actual duration of the slew : 233.42796407728724
[18:27:26] INFO BEProgMissionLogger | ] 2010-09-04T07:29:28.784 ; 2010-09-04T07:33:17.533 [
[18:27:26] INFO BEProgMissionLogger | Maximum possible duration of the slew : 43.665797519861634
[18:27:26] INFO BEProgMissionLogger | Actual duration of the slew : 228.74977623095657
[18:27:26] INFO BEProgMissionLogger | ] 2010-09-06T07:10:33.140 ; 2010-09-06T07:13:59.476 [
[18:27:26] INFO BEProgMissionLogger | Maximum possible duration of the slew : 38.05480725974982
[18:27:26] INFO BEProgMissionLogger | Actual duration of the slew : 206.33609099878683
[18:27:26] INFO BEProgMissionLogger | Current target site : LE HAVRE
[18:27:26] INFO BEProgMissionLogger | ] 2010-09-01T07:09:28.721 ; 2010-09-01T07:11:31.455 [
[18:27:26] INFO BEProgMissionLogger | Maximum possible duration of the slew : 22.13908822704291
[18:27:26] INFO BEProgMissionLogger | Actual duration of the slew : 122.73468886003933
[18:27:26] INFO BEProgMissionLogger | ] 2010-09-02T07:47:52.251 ; 2010-09-02T07:51:44.393 [
[18:27:26] INFO BEProgMissionLogger | Maximum possible duration of the slew : 44.681005558320834
[18:27:26] INFO BEProgMissionLogger | Actual duration of the slew : 232.1425021471724
[18:27:26] INFO BEProgMissionLogger | ] 2010-09-04T07:28:46.781 ; 2010-09-04T07:32:38.597 [
[18:27:26] INFO BEProgMissionLogger | Maximum possible duration of the slew : 44.502666263954026
[18:27:26] INFO BEProgMissionLogger | Actual duration of the slew : 231.81597167844944
[18:27:26] INFO BEProgMissionLogger | ] 2010-09-06T07:09:47.914 ; 2010-09-06T07:13:24.105 [
[18:27:26] INFO BEProgMissionLogger | Maximum possible duration of the slew : 40.42185710147226
[18:27:26] INFO BEProgMissionLogger | Actual duration of the slew : 216.19047429100232
[18:27:26] INFO BEProgMissionLogger | Current target site : SAINT-ETIENNE
[18:27:26] INFO BEProgMissionLogger | ] 2010-09-01T07:09:38.475 ; 2010-09-01T07:13:16.782 [
[18:27:26] INFO BEProgMissionLogger | Maximum possible duration of the slew : 41.00424267678855
[18:27:26] INFO BEProgMissionLogger | Actual duration of the slew : 218.30731276370227
[18:27:26] INFO BEProgMissionLogger | ] 2010-09-03T06:50:49.602 ; 2010-09-03T06:53:51.044 [
[18:27:26] INFO BEProgMissionLogger | Maximum possible duration of the slew : 32.5486288565048
[18:27:26] INFO BEProgMissionLogger | Actual duration of the slew : 181.44157359012735
[18:27:26] INFO BEProgMissionLogger | ] 2010-09-06T07:10:33.637 ; 2010-09-06T07:14:24.686 [
[18:27:26] INFO BEProgMissionLogger | Maximum possible duration of the slew : 44.44589776485297
[18:27:26] INFO BEProgMissionLogger | Actual duration of the slew : 231.04907699672788
[18:27:26] INFO BEProgMissionLogger | Current target site : LE MANS
[18:27:26] INFO BEProgMissionLogger | ] 2010-09-01T07:09:46.721 ; 2010-09-01T07:12:02.305 [
[18:27:26] INFO BEProgMissionLogger | Maximum possible duration of the slew : 23.855940426664006
[18:27:26] INFO BEProgMissionLogger | Actual duration of the slew : 135.58368537550555
[18:27:26] INFO BEProgMissionLogger | ] 2010-09-02T07:48:16.583 ; 2010-09-02T07:52:06.421 [
[18:27:26] INFO BEProgMissionLogger | Maximum possible duration of the slew : 44.0892962558207
[18:27:26] INFO BEProgMissionLogger | Actual duration of the slew : 229.83746371437945
[18:27:26] INFO BEProgMissionLogger | ] 2010-09-04T07:29:09.630 ; 2010-09-04T07:33:02.771 [
[18:27:26] INFO BEProgMissionLogger | Maximum possible duration of the slew : 44.88715288353487
[18:27:26] INFO BEProgMissionLogger | Actual duration of the slew : 233.14098476324114
[18:27:26] INFO BEProgMissionLogger | ] 2010-09-06T07:10:09.548 ; 2010-09-06T07:13:50.144 [
[18:27:26] INFO BEProgMissionLogger | Maximum possible duration of the slew : 41.53417096822905
[18:27:26] INFO BEProgMissionLogger | Actual duration of the slew : 220.59684590128023
[18:27:26] INFO BEProgMissionLogger | Current target site : BORDEAUX
[18:27:26] INFO BEProgMissionLogger | ] 2010-09-01T07:10:41.010 ; 2010-09-01T07:12:54.030 [
[18:27:26] INFO BEProgMissionLogger | Maximum possible duration of the slew : 23.515909064190048
[18:27:26] INFO BEProgMissionLogger | Actual duration of the slew : 133.0204532766029
[18:27:26] INFO BEProgMissionLogger | ] 2010-09-02T07:49:09.619 ; 2010-09-02T07:52:56.869 [
[18:27:26] INFO BEProgMissionLogger | Maximum possible duration of the slew : 43.421557274596225
[18:27:26] INFO BEProgMissionLogger | Actual duration of the slew : 227.25013387634934
[18:27:26] INFO BEProgMissionLogger | ] 2010-09-04T07:30:01.477 ; 2010-09-04T07:33:55.078 [
[18:27:26] INFO BEProgMissionLogger | Maximum possible duration of the slew : 45.02871552789358
[18:27:26] INFO BEProgMissionLogger | Actual duration of the slew : 233.60130001060173
[18:27:26] INFO BEProgMissionLogger | ] 2010-09-06T07:11:01.125 ; 2010-09-06T07:14:43.377 [
[18:27:26] INFO BEProgMissionLogger | Maximum possible duration of the slew : 41.96460533860082
[18:27:26] INFO BEProgMissionLogger | Actual duration of the slew : 222.25124628502164
[18:27:26] INFO BEProgMissionLogger | Current target site : TOULOUSE
[18:27:26] INFO BEProgMissionLogger | ] 2010-09-01T07:10:29.871 ; 2010-09-01T07:13:37.558 [
[18:27:26] INFO BEProgMissionLogger | Maximum possible duration of the slew : 33.87251554803426
[18:27:26] INFO BEProgMissionLogger | Actual duration of the slew : 187.68756430803688
[18:27:26] INFO BEProgMissionLogger | ] 2010-09-03T06:52:00.596 ; 2010-09-03T06:53:50.707 [
[18:27:26] INFO BEProgMissionLogger | Maximum possible duration of the slew : 20.505078491067145
[18:27:26] INFO BEProgMissionLogger | Actual duration of the slew : 110.11102100418375
[18:27:26] INFO BEProgMissionLogger | ] 2010-09-04T07:30:17.211 ; 2010-09-04T07:34:06.179 [
[18:27:26] INFO BEProgMissionLogger | Maximum possible duration of the slew : 43.87472922778787
[18:27:26] INFO BEProgMissionLogger | Actual duration of the slew : 228.96826220573982
[18:27:26] INFO BEProgMissionLogger | Current target site : LYON
[18:27:26] INFO BEProgMissionLogger | ] 2010-09-01T07:09:30.731 ; 2010-09-01T07:13:12.017 [
[18:27:26] INFO BEProgMissionLogger | Maximum possible duration of the slew : 41.7268402031981
[18:27:26] INFO BEProgMissionLogger | Actual duration of the slew : 221.28688397057238
[18:27:26] INFO BEProgMissionLogger | ] 2010-09-03T06:50:40.173 ; 2010-09-03T06:53:48.169 [
[18:27:26] INFO BEProgMissionLogger | Maximum possible duration of the slew : 33.93329815121503
[18:27:26] INFO BEProgMissionLogger | Actual duration of the slew : 187.99594195847638
[18:27:26] INFO BEProgMissionLogger | ] 2010-09-06T07:10:27.627 ; 2010-09-06T07:14:17.811 [
[18:27:26] INFO BEProgMissionLogger | Maximum possible duration of the slew : 44.190150367352935
[18:27:26] INFO BEProgMissionLogger | Actual duration of the slew : 230.18425534917978
[18:27:26] INFO BEProgMissionLogger | Current target site : AIX-EN-PROVENCE
[18:27:26] INFO BEProgMissionLogger | ] 2010-09-01T07:10:00.838 ; 2010-09-01T07:13:49.883 [
[18:27:26] INFO BEProgMissionLogger | Maximum possible duration of the slew : 43.7742467087108
[18:27:26] INFO BEProgMissionLogger | Actual duration of the slew : 229.04482068166323
[18:27:26] INFO BEProgMissionLogger | ] 2010-09-03T06:51:06.269 ; 2010-09-03T06:54:31.331 [
[18:27:26] INFO BEProgMissionLogger | Maximum possible duration of the slew : 37.78335000005805
[18:27:26] INFO BEProgMissionLogger | Actual duration of the slew : 205.06145268338298
[18:27:26] INFO BEProgMissionLogger | ] 2010-09-05T06:34:35.071 ; 2010-09-05T06:34:56.485 [
[18:27:26] INFO BEProgMissionLogger | Maximum possible duration of the slew : 9.222873287712972
[18:27:26] INFO BEProgMissionLogger | Actual duration of the slew : 21.41393762904397
[18:27:26] INFO BEProgMissionLogger | Current target site : MONTPELLIER
[18:27:26] INFO BEProgMissionLogger | ] 2010-09-01T07:10:08.814 ; 2010-09-01T07:13:47.578 [
[18:27:26] INFO BEProgMissionLogger | Maximum possible duration of the slew : 41.08611232131692
[18:27:26] INFO BEProgMissionLogger | Actual duration of the slew : 218.76421547283593
[18:27:26] INFO BEProgMissionLogger | ] 2010-09-03T06:51:20.807 ; 2010-09-03T06:54:21.287 [
[18:27:26] INFO BEProgMissionLogger | Maximum possible duration of the slew : 32.324126596560205
[18:27:26] INFO BEProgMissionLogger | Actual duration of the slew : 180.48028242733753
[18:27:26] INFO BEProgMissionLogger | ] 2010-09-06T07:11:04.113 ; 2010-09-06T07:14:54.784 [
[18:27:26] INFO BEProgMissionLogger | Maximum possible duration of the slew : 44.308290089288086
[18:27:26] INFO BEProgMissionLogger | Actual duration of the slew : 230.67111345581537
[18:27:26] INFO BEProgMissionLogger | Current target site : GRENOBLE
[18:27:26] INFO BEProgMissionLogger | ] 2010-09-01T07:09:34.713 ; 2010-09-01T07:13:22.591 [
[18:27:26] INFO BEProgMissionLogger | Maximum possible duration of the slew : 43.461799680716325
[18:27:26] INFO BEProgMissionLogger | Actual duration of the slew : 227.87798378523843
[18:27:26] INFO BEProgMissionLogger | ] 2010-09-03T06:50:40.364 ; 2010-09-03T06:54:03.413 [
[18:27:26] INFO BEProgMissionLogger | Maximum possible duration of the slew : 37.31462162826746
[18:27:26] INFO BEProgMissionLogger | Actual duration of the slew : 203.04847333875182
[18:27:26] INFO BEProgMissionLogger | ] 2010-09-05T06:34:16.562 ; 2010-09-05T06:34:28.281 [
[18:27:26] INFO BEProgMissionLogger | Maximum possible duration of the slew : 6.893230554960522
[18:27:26] INFO BEProgMissionLogger | Actual duration of the slew : 11.719488285979835
[18:27:26] INFO BEProgMissionLogger | ] 2010-09-06T07:10:36.948 ; 2010-09-06T07:13:28.344 [
[18:27:26] INFO BEProgMissionLogger | Maximum possible duration of the slew : 34.733382572111175
[18:27:26] INFO BEProgMissionLogger | Actual duration of the slew : 171.3964420441659
[18:27:26] INFO BEProgMissionLogger | Observation plan : {RENNES=fr.cnes.sirius.patrius.attitudes.AttitudeLawLeg@2657d4dd, REIMS=fr.cnes.sirius.patrius.attitudes.AttitudeLawLeg@5340477f, STRASBOURG=fr.cnes.sirius.patrius.attitudes.AttitudeLawLeg@47caedad, LILLE=fr.cnes.sirius.patrius.attitudes.AttitudeLawLeg@7139992f, TOULON=fr.cnes.sirius.patrius.attitudes.AttitudeLawLeg@69504ae9, PARIS=fr.cnes.sirius.patrius.attitudes.AttitudeLawLeg@387a8303, DIJON=fr.cnes.sirius.patrius.attitudes.AttitudeLawLeg@28cda624, MARSEILLE=fr.cnes.sirius.patrius.attitudes.AttitudeLawLeg@1500b2f3, NICE=fr.cnes.sirius.patrius.attitudes.AttitudeLawLeg@7eecb5b8, ANGERS=fr.cnes.sirius.patrius.attitudes.AttitudeLawLeg@126253fd, BORDEAUX=fr.cnes.sirius.patrius.attitudes.AttitudeLawLeg@57db2b13, TOULOUSE=fr.cnes.sirius.patrius.attitudes.AttitudeLawLeg@475c9c31, AIX-EN-PROVENCE=fr.cnes.sirius.patrius.attitudes.AttitudeLawLeg@5c86a017}
