[22:35:33] INFO BEProgMissionLogger | ##################################################
[22:35:34] INFO BEProgMissionLogger | Complete simulation starting ...
[22:35:34] INFO BEProgMissionLogger | CompleteMission [name=BE Supaero mission, startDate=2010-09-01T00:00:00.000, endDate=2010-09-08T00:00:00.000, satellite=Pleiades 1A]
[22:35:34] INFO BEProgMissionLogger | ============= Computing Access Plan =============
[22:35:34] INFO BEProgMissionLogger |  Site : PARIS
[22:35:34] INFO BEProgMissionLogger | PARIS has not been serialized, launching access computation...
[22:35:39] INFO BEProgMissionLogger | 
PARIS
[22:35:39] INFO BEProgMissionLogger | 	|____ Printing Timeline ____
[22:35:39] INFO BEProgMissionLogger | 	| Visibility and Illumination and Dazzling [ 2010-09-01T07:08:32.585 (UTC) ; 2010-09-01T07:11:32.657 (UTC) ]
[22:35:39] INFO BEProgMissionLogger | 	| Visibility and Illumination and Dazzling [ 2010-09-02T07:47:31.717 (UTC) ; 2010-09-02T07:50:11.001 (UTC) ]
[22:35:39] INFO BEProgMissionLogger | 	| Visibility and Illumination and Dazzling [ 2010-09-04T07:28:20.770 (UTC) ; 2010-09-04T07:29:19.424 (UTC) ]
[22:35:39] INFO BEProgMissionLogger | 	| Visibility and Illumination and Dazzling [ 2010-09-04T07:32:09.093 (UTC) ; 2010-09-04T07:32:09.094 (UTC) ]
[22:35:39] INFO BEProgMissionLogger | 	| Visibility and Illumination and Dazzling [ 2010-09-06T07:10:45.933 (UTC) ; 2010-09-06T07:11:23.868 (UTC) ]
[22:35:39] INFO BEProgMissionLogger | 	|___________________________
[22:35:39] INFO BEProgMissionLogger | accesses/PARIS_562931739.ser has been serialized successfully !
[22:35:39] INFO BEProgMissionLogger | Access plan : {PARIS=fr.cnes.sirius.patrius.events.postprocessing.Timeline@2c78324b}
[22:35:39] INFO BEProgMissionLogger | 

Simulation done
[22:35:39] INFO BEProgMissionLogger | ##################################################
