[09:44:38] INFO BEProgMissionLogger | ##################################################
[09:44:41] INFO BEProgMissionLogger | Complete simulation starting ...
[09:44:41] INFO BEProgMissionLogger | CompleteMission [name=BE Supaero mission, startDate=2010-09-01T00:00:00.000, endDate=2010-09-08T00:00:00.000, satellite=Pleiades 1A]
[09:44:41] INFO BEProgMissionLogger | ============= Computing Access Plan =============
[09:44:41] INFO BEProgMissionLogger |  Site : PARIS
[09:44:41] INFO BEProgMissionLogger | 	|____ Printing Timeline ____
[09:44:41] INFO BEProgMissionLogger | 	| Visibility phenomenon [ 2010-09-01T07:08:32.585 (UTC) ; 2010-09-01T07:11:32.657 (UTC) ]
[09:44:41] INFO BEProgMissionLogger | 	| Visibility phenomenon [ 2010-09-01T18:18:32.585 (UTC) ; 2010-09-01T18:19:32.280 (UTC) ]
[09:44:41] INFO BEProgMissionLogger | 	| Visibility phenomenon [ 2010-09-02T07:47:31.717 (UTC) ; 2010-09-02T07:50:11.001 (UTC) ]
[09:44:41] INFO BEProgMissionLogger | 	| Visibility phenomenon [ 2010-09-03T17:57:13.026 (UTC) ; 2010-09-03T18:00:56.114 (UTC) ]
[09:44:41] INFO BEProgMissionLogger | 	| Visibility phenomenon [ 2010-09-04T07:28:20.770 (UTC) ; 2010-09-04T07:29:19.424 (UTC) ]
[09:44:41] INFO BEProgMissionLogger | 	| Visibility phenomenon [ 2010-09-04T07:32:09.093 (UTC) ; 2010-09-04T07:32:09.094 (UTC) ]
[09:44:41] INFO BEProgMissionLogger | 	| Visibility phenomenon [ 2010-09-06T07:10:45.933 (UTC) ; 2010-09-06T07:11:23.868 (UTC) ]
[09:44:41] INFO BEProgMissionLogger | 	| Visibility phenomenon [ 2010-09-07T07:50:06.786 (UTC) ; 2010-09-07T07:51:06.705 (UTC) ]
[09:44:41] INFO BEProgMissionLogger | 	| Visibility phenomenon [ 2010-09-07T17:20:13.288 (UTC) ; 2010-09-07T17:21:49.574 (UTC) ]
[09:44:41] INFO BEProgMissionLogger | 	|___________________________
[09:44:41] INFO BEProgMissionLogger | accesses/PARIS_562931739.serhas been loaded successfully!
[09:44:41] INFO BEProgMissionLogger | Access plan : {PARIS=fr.cnes.sirius.patrius.events.postprocessing.Timeline@26abb146}
[09:44:41] INFO BEProgMissionLogger | 

Simulation done
[09:44:41] INFO BEProgMissionLogger | ##################################################
